Flutter-Stripe-Paymnet-main/build/app/intermediates/manifest_merge_blame_file/debug/manifest-merger-blame-debug-report.txt
1<?xml version="1.0" encoding="utf-8"?>
2<manifest xmlns:android="http://schemas.android.com/apk/res/android"
3    package="com.example.stripe_payment"
4    android:versionCode="1"
5    android:versionName="1.0.0" >
6
7    <uses-sdk
8        android:minSdkVersion="21"
9        android:targetSdkVersion="30" />
10    <!--
11         Flutter needs it to communicate with the running application
12         to allow setting breakpoints, to provide hot reload, etc.
13    -->
14    <uses-permission android:name="android.permission.INTERNET" />
14-->src\debug\AndroidManifest.xml:6:5-66
14-->src\debug\AndroidManifest.xml:6:22-64
15    <!-- See https://developer.android.com/training/package-visibility/declaring for more details. -->
16    <queries>
16-->[com.stripe:payments-core:17.1.0] AndroidManifest.xml:10:5-14:15
17
18        <!-- Added to check if Chrome is installed for browser-based payment authentication (e.g. 3DS1). -->
19        <package android:name="com.android.chrome" />
19-->[com.stripe:payments-core:17.1.0] AndroidManifest.xml:13:9-54
19-->[com.stripe:payments-core:17.1.0] AndroidManifest.xml:13:18-51
20    </queries> <!-- Include required permissions for Google Maps API to run. -->
21    <uses-permission android:name="android.permission.ACCESS_NETWORK_STATE" />
21-->[com.google.android.gms:play-services-maps:17.0.0] AndroidManifest.xml:23:5-79
21-->[com.google.android.gms:play-services-maps:17.0.0] AndroidManifest.xml:23:22-76
22
23    <uses-feature
23-->[com.google.android.gms:play-services-maps:17.0.0] AndroidManifest.xml:26:5-28:35
24        android:glEsVersion="0x00020000"
24-->[com.google.android.gms:play-services-maps:17.0.0] AndroidManifest.xml:27:9-41
25        android:required="true" />
25-->[com.google.android.gms:play-services-maps:17.0.0] AndroidManifest.xml:28:9-32
26
27    <application
27-->src\main\AndroidManifest.xml:3:4-40:19
28        android:appComponentFactory="androidx.core.app.CoreComponentFactory"
28-->[androidx.core:core:1.6.0] AndroidManifest.xml:24:18-86
29        android:debuggable="true"
30        android:icon="@mipmap/ic_launcher"
30-->src\main\AndroidManifest.xml:5:9-43
31        android:label="stripe_payment" >
31-->src\main\AndroidManifest.xml:4:9-39
32        <activity
32-->src\main\AndroidManifest.xml:6:9-34:20
33            android:name="com.example.stripe_payment.MainActivity"
33-->src\main\AndroidManifest.xml:7:13-41
34            android:configChanges="orientation|keyboardHidden|keyboard|screenSize|smallestScreenSize|locale|layoutDirection|fontScale|screenLayout|density|uiMode"
34-->src\main\AndroidManifest.xml:10:13-163
35            android:hardwareAccelerated="true"
35-->src\main\AndroidManifest.xml:11:13-47
36            android:launchMode="singleTop"
36-->src\main\AndroidManifest.xml:8:13-43
37            android:theme="@style/LaunchTheme"
37-->src\main\AndroidManifest.xml:9:13-47
38            android:windowSoftInputMode="adjustResize" >
38-->src\main\AndroidManifest.xml:12:13-55
39
40            <!--
41                 Specifies an Android theme to apply to this Activity as soon as
42                 the Android process has started. This theme is visible to the user
43                 while the Flutter UI initializes. After that, this theme continues
44                 to determine the Window background behind the Flutter UI.
45            -->
46            <meta-data
46-->src\main\AndroidManifest.xml:17:13-20:17
47                android:name="io.flutter.embedding.android.NormalTheme"
47-->src\main\AndroidManifest.xml:18:15-70
48                android:resource="@style/NormalTheme" />
48-->src\main\AndroidManifest.xml:19:15-52
49            <!--
50                 Displays an Android View that continues showing the launch screen
51                 Drawable until Flutter paints its first frame, then this splash
52                 screen fades out. A splash screen is useful to avoid any visual
53                 gap between the end of Android's launch screen and the painting of
54                 Flutter's first frame.
55            -->
56            <meta-data
56-->src\main\AndroidManifest.xml:26:13-29:17
57                android:name="io.flutter.embedding.android.SplashScreenDrawable"
57-->src\main\AndroidManifest.xml:27:15-79
58                android:resource="@drawable/launch_background" />
58-->src\main\AndroidManifest.xml:28:15-61
59
60            <intent-filter>
60-->src\main\AndroidManifest.xml:30:13-33:29
61                <action android:name="android.intent.action.MAIN" />
61-->src\main\AndroidManifest.xml:31:17-68
61-->src\main\AndroidManifest.xml:31:25-66
62
63                <category android:name="android.intent.category.LAUNCHER" />
63-->src\main\AndroidManifest.xml:32:17-76
63-->src\main\AndroidManifest.xml:32:27-74
64            </intent-filter>
65        </activity>
66        <!--
67             Don't delete the meta-data below.
68             This is used by the Flutter tool to generate GeneratedPluginRegistrant.java
69        -->
70        <meta-data
70-->src\main\AndroidManifest.xml:37:9-39:33
71            android:name="flutterEmbedding"
71-->src\main\AndroidManifest.xml:38:13-44
72            android:value="2" />
72-->src\main\AndroidManifest.xml:39:13-30
73
74        <activity
74-->[com.stripe:payments-core:17.1.0] AndroidManifest.xml:17:9-20:57
75            android:name="com.stripe.android.view.AddPaymentMethodActivity"
75-->[com.stripe:payments-core:17.1.0] AndroidManifest.xml:18:13-76
76            android:exported="false"
76-->[com.stripe:payments-core:17.1.0] AndroidManifest.xml:19:13-37
77            android:theme="@style/StripeDefaultTheme" />
77-->[com.stripe:payments-core:17.1.0] AndroidManifest.xml:20:13-54
78        <activity
78-->[com.stripe:payments-core:17.1.0] AndroidManifest.xml:21:9-24:57
79            android:name="com.stripe.android.view.PaymentMethodsActivity"
79-->[com.stripe:payments-core:17.1.0] AndroidManifest.xml:22:13-74
80            android:exported="false"
80-->[com.stripe:payments-core:17.1.0] AndroidManifest.xml:23:13-37
81            android:theme="@style/StripeDefaultTheme" />
81-->[com.stripe:payments-core:17.1.0] AndroidManifest.xml:24:13-54
82        <activity
82-->[com.stripe:payments-core:17.1.0] AndroidManifest.xml:25:9-28:57
83            android:name="com.stripe.android.view.PaymentFlowActivity"
83-->[com.stripe:payments-core:17.1.0] AndroidManifest.xml:26:13-71
84            android:exported="false"
84-->[com.stripe:payments-core:17.1.0] AndroidManifest.xml:27:13-37
85            android:theme="@style/StripeDefaultTheme" />
85-->[com.stripe:payments-core:17.1.0] AndroidManifest.xml:28:13-54
86        <activity
86-->[com.stripe:payments-core:17.1.0] AndroidManifest.xml:29:9-33:58
87            android:name="com.stripe.android.view.PaymentAuthWebViewActivity"
87-->[com.stripe:payments-core:17.1.0] AndroidManifest.xml:30:13-78
88            android:exported="false"
88-->[com.stripe:payments-core:17.1.0] AndroidManifest.xml:31:13-37
89            android:theme="@style/StripeDefaultTheme"
89-->[com.stripe:payments-core:17.1.0] AndroidManifest.xml:32:13-54
90            android:windowSoftInputMode="adjustResize" />
90-->[com.stripe:payments-core:17.1.0] AndroidManifest.xml:33:13-55
91        <activity
91-->[com.stripe:payments-core:17.1.0] AndroidManifest.xml:34:9-37:61
92            android:name="com.stripe.android.view.PaymentRelayActivity"
92-->[com.stripe:payments-core:17.1.0] AndroidManifest.xml:35:13-72
93            android:exported="false"
93-->[com.stripe:payments-core:17.1.0] AndroidManifest.xml:36:13-37
94            android:theme="@style/StripeTransparentTheme" />
94-->[com.stripe:payments-core:17.1.0] AndroidManifest.xml:37:13-58
95        <!--
96        Set android:launchMode="singleTop" so that the StripeBrowserLauncherActivity instance that
97        launched the browser Activity will also handle the return URL deep link.
98        -->
99        <activity
99-->[com.stripe:payments-core:17.1.0] AndroidManifest.xml:43:9-60:20
100            android:name="com.stripe.android.payments.StripeBrowserLauncherActivity"
100-->[com.stripe:payments-core:17.1.0] AndroidManifest.xml:44:13-85
101            android:exported="true"
101-->[com.stripe:payments-core:17.1.0] AndroidManifest.xml:45:13-36
102            android:launchMode="singleTask"
102-->[com.stripe:payments-core:17.1.0] AndroidManifest.xml:46:13-44
103            android:theme="@style/StripeTransparentTheme" >
103-->[com.stripe:payments-core:17.1.0] AndroidManifest.xml:47:13-58
104            <intent-filter>
104-->[com.stripe:payments-core:17.1.0] AndroidManifest.xml:48:13-59:29
105                <action android:name="android.intent.action.VIEW" />
105-->[com.stripe:payments-core:17.1.0] AndroidManifest.xml:49:17-69
105-->[com.stripe:payments-core:17.1.0] AndroidManifest.xml:49:25-66
106
107                <category android:name="android.intent.category.DEFAULT" />
107-->[com.stripe:payments-core:17.1.0] AndroidManifest.xml:51:17-76
107-->[com.stripe:payments-core:17.1.0] AndroidManifest.xml:51:27-73
108                <category android:name="android.intent.category.BROWSABLE" />
108-->[com.stripe:payments-core:17.1.0] AndroidManifest.xml:52:17-78
108-->[com.stripe:payments-core:17.1.0] AndroidManifest.xml:52:27-75
109
110                <!-- Must match `DefaultReturnUrl#value`. -->
111                <data
111-->[com.stripe:payments-core:17.1.0] AndroidManifest.xml:55:17-58:50
112                    android:host="payment_return_url"
112-->[com.stripe:payments-core:17.1.0] AndroidManifest.xml:56:21-54
113                    android:path="/com.example.stripe_payment"
113-->[com.stripe:payments-core:17.1.0] AndroidManifest.xml:57:21-53
114                    android:scheme="stripesdk" />
114-->[com.stripe:payments-core:17.1.0] AndroidManifest.xml:58:21-47
115            </intent-filter>
116        </activity>
117        <activity
117-->[com.stripe:payments-core:17.1.0] AndroidManifest.xml:61:9-64:57
118            android:name="com.stripe.android.payments.core.authentication.threeds2.Stripe3ds2TransactionActivity"
118-->[com.stripe:payments-core:17.1.0] AndroidManifest.xml:62:13-114
119            android:exported="false"
119-->[com.stripe:payments-core:17.1.0] AndroidManifest.xml:63:13-37
120            android:theme="@style/StripeDefaultTheme" />
120-->[com.stripe:payments-core:17.1.0] AndroidManifest.xml:64:13-54
121        <activity
121-->[com.stripe:payments-core:17.1.0] AndroidManifest.xml:65:9-68:69
122            android:name="com.stripe.android.paymentsheet.PaymentSheetActivity"
122-->[com.stripe:payments-core:17.1.0] AndroidManifest.xml:66:13-80
123            android:exported="false"
123-->[com.stripe:payments-core:17.1.0] AndroidManifest.xml:67:13-37
124            android:theme="@style/StripePaymentSheetDefaultTheme" />
124-->[com.stripe:payments-core:17.1.0] AndroidManifest.xml:68:13-66
125        <activity
125-->[com.stripe:payments-core:17.1.0] AndroidManifest.xml:69:9-72:69
126            android:name="com.stripe.android.paymentsheet.PaymentOptionsActivity"
126-->[com.stripe:payments-core:17.1.0] AndroidManifest.xml:70:13-82
127            android:exported="false"
127-->[com.stripe:payments-core:17.1.0] AndroidManifest.xml:71:13-37
128            android:theme="@style/StripePaymentSheetDefaultTheme" />
128-->[com.stripe:payments-core:17.1.0] AndroidManifest.xml:72:13-66
129        <activity
129-->[com.stripe:payments-core:17.1.0] AndroidManifest.xml:73:9-76:66
130            android:name="com.stripe.android.googlepaylauncher.StripeGooglePayActivity"
130-->[com.stripe:payments-core:17.1.0] AndroidManifest.xml:74:13-88
131            android:exported="false"
131-->[com.stripe:payments-core:17.1.0] AndroidManifest.xml:75:13-37
132            android:theme="@style/StripeGooglePayDefaultTheme" />
132-->[com.stripe:payments-core:17.1.0] AndroidManifest.xml:76:13-63
133        <activity
133-->[com.stripe:payments-core:17.1.0] AndroidManifest.xml:77:9-80:66
134            android:name="com.stripe.android.googlepaylauncher.GooglePayLauncherActivity"
134-->[com.stripe:payments-core:17.1.0] AndroidManifest.xml:78:13-90
135            android:exported="false"
135-->[com.stripe:payments-core:17.1.0] AndroidManifest.xml:79:13-37
136            android:theme="@style/StripeGooglePayDefaultTheme" />
136-->[com.stripe:payments-core:17.1.0] AndroidManifest.xml:80:13-63
137        <activity
137-->[com.stripe:payments-core:17.1.0] AndroidManifest.xml:81:9-84:66
138            android:name="com.stripe.android.googlepaylauncher.GooglePayPaymentMethodLauncherActivity"
138-->[com.stripe:payments-core:17.1.0] AndroidManifest.xml:82:13-103
139            android:exported="false"
139-->[com.stripe:payments-core:17.1.0] AndroidManifest.xml:83:13-37
140            android:theme="@style/StripeGooglePayDefaultTheme" />
140-->[com.stripe:payments-core:17.1.0] AndroidManifest.xml:84:13-63
141        <activity
141-->[com.stripe:payments-core:17.1.0] AndroidManifest.xml:85:9-88:57
142            android:name="com.stripe.android.payments.paymentlauncher.PaymentLauncherConfirmationActivity"
142-->[com.stripe:payments-core:17.1.0] AndroidManifest.xml:86:13-107
143            android:exported="false"
143-->[com.stripe:payments-core:17.1.0] AndroidManifest.xml:87:13-37
144            android:theme="@style/StripeDefaultTheme" />
144-->[com.stripe:payments-core:17.1.0] AndroidManifest.xml:88:13-54
145        <activity
145-->[com.stripe:stripe-3ds2-android:6.1.1] AndroidManifest.xml:10:9-13:54
146            android:name="com.stripe.android.stripe3ds2.views.ChallengeActivity"
146-->[com.stripe:stripe-3ds2-android:6.1.1] AndroidManifest.xml:11:13-81
147            android:exported="false"
147-->[com.stripe:stripe-3ds2-android:6.1.1] AndroidManifest.xml:12:13-37
148            android:theme="@style/Stripe3DS2Theme" />
148-->[com.stripe:stripe-3ds2-android:6.1.1] AndroidManifest.xml:13:13-51
149        <activity
149-->[androidx.compose.ui:ui-tooling:1.0.0-rc02] AndroidManifest.xml:25:9-27:39
150            android:name="androidx.compose.ui.tooling.PreviewActivity"
150-->[androidx.compose.ui:ui-tooling:1.0.0-rc02] AndroidManifest.xml:26:13-71
151            android:exported="true" /> <!-- Needs to be explicitly declared on P+ -->
151-->[androidx.compose.ui:ui-tooling:1.0.0-rc02] AndroidManifest.xml:27:13-36
152        <uses-library
152-->[com.google.android.gms:play-services-maps:17.0.0] AndroidManifest.xml:33:9-35:40
153            android:name="org.apache.http.legacy"
153-->[com.google.android.gms:play-services-maps:17.0.0] AndroidManifest.xml:34:13-50
154            android:required="false" />
154-->[com.google.android.gms:play-services-maps:17.0.0] AndroidManifest.xml:35:13-37
155
156        <activity
156-->[com.google.android.gms:play-services-base:17.5.0] AndroidManifest.xml:23:9-26:75
157            android:name="com.google.android.gms.common.api.GoogleApiActivity"
157-->[com.google.android.gms:play-services-base:17.5.0] AndroidManifest.xml:24:13-79
158            android:exported="false"
158-->[com.google.android.gms:play-services-base:17.5.0] AndroidManifest.xml:25:13-37
159            android:theme="@android:style/Theme.Translucent.NoTitleBar" />
159-->[com.google.android.gms:play-services-base:17.5.0] AndroidManifest.xml:26:13-72
160
161        <meta-data
161-->[com.google.android.gms:play-services-basement:17.5.0] AndroidManifest.xml:23:9-25:69
162            android:name="com.google.android.gms.version"
162-->[com.google.android.gms:play-services-basement:17.5.0] AndroidManifest.xml:24:13-58
163            android:value="@integer/google_play_services_version" />
163-->[com.google.android.gms:play-services-basement:17.5.0] AndroidManifest.xml:25:13-66
164
165        <provider
165-->[androidx.profileinstaller:profileinstaller:1.0.0-rc02] AndroidManifest.xml:26:9-34:20
166            android:name="androidx.startup.InitializationProvider"
166-->[androidx.profileinstaller:profileinstaller:1.0.0-rc02] AndroidManifest.xml:27:13-67
167            android:authorities="com.example.stripe_payment.androidx-startup"
167-->[androidx.profileinstaller:profileinstaller:1.0.0-rc02] AndroidManifest.xml:28:13-68
168            android:exported="false" >
168-->[androidx.profileinstaller:profileinstaller:1.0.0-rc02] AndroidManifest.xml:29:13-37
169            <meta-data
169-->[androidx.profileinstaller:profileinstaller:1.0.0-rc02] AndroidManifest.xml:31:13-33:52
170                android:name="androidx.profileinstaller.ProfileInstallerInitializer"
170-->[androidx.profileinstaller:profileinstaller:1.0.0-rc02] AndroidManifest.xml:32:17-85
171                android:value="androidx.startup" />
171-->[androidx.profileinstaller:profileinstaller:1.0.0-rc02] AndroidManifest.xml:33:17-49
172        </provider>
173
174        <receiver
174-->[androidx.profileinstaller:profileinstaller:1.0.0-rc02] AndroidManifest.xml:36:9-45:20
175            android:name="androidx.profileinstaller.ProfileInstallReceiver"
175-->[androidx.profileinstaller:profileinstaller:1.0.0-rc02] AndroidManifest.xml:37:13-76
176            android:directBootAware="false"
176-->[androidx.profileinstaller:profileinstaller:1.0.0-rc02] AndroidManifest.xml:38:13-44
177            android:enabled="true"
177-->[androidx.profileinstaller:profileinstaller:1.0.0-rc02] AndroidManifest.xml:39:13-35
178            android:exported="true"
178-->[androidx.profileinstaller:profileinstaller:1.0.0-rc02] AndroidManifest.xml:40:13-36
179            android:permission="android.permission.DUMP" >
179-->[androidx.profileinstaller:profileinstaller:1.0.0-rc02] AndroidManifest.xml:41:13-57
180            <intent-filter>
180-->[androidx.profileinstaller:profileinstaller:1.0.0-rc02] AndroidManifest.xml:42:13-44:29
181                <action android:name="androidx.profileinstaller.action.INSTALL_PROFILE" />
181-->[androidx.profileinstaller:profileinstaller:1.0.0-rc02] AndroidManifest.xml:43:17-91
181-->[androidx.profileinstaller:profileinstaller:1.0.0-rc02] AndroidManifest.xml:43:25-88
182            </intent-filter>
183        </receiver>
184    </application>
185
186</manifest>